2025-07-01 22:43:45,704 - INFO - Starting sequence inference
2025-07-01 22:43:45,704 - INFO - Arguments: checkpoint_path=/mount/arbeitsdaten66/projekte/multiview/hardy/project/vae/checkpoints/seqvqvae_all_sts-epoch=14-val_loss=2.1423.ckpt, codebook_size=775, beam_size=5, n_tokens=5, input_file=/mount/arbeitsdaten66/projekte/multiview/hardy/project/vae/outputs/mind/dev_combined_history_indices.csv, output_path=/mount/arbeitsdaten66/projekte/multiview/hardy/project/vae/outputs/mind/seq_prediction_beam_5.txt
2025-07-01 22:43:45,773 - INFO - Using device: cuda
2025-07-01 22:43:45,800 - INFO - Loading model from checkpoint: /mount/arbeitsdaten66/projekte/multiview/hardy/project/vae/checkpoints/seqvqvae_all_sts-epoch=14-val_loss=2.1423.ckpt
2025-07-01 22:43:48,236 - INFO - Model loaded successfully and moved to device
2025-07-01 22:43:48,236 - INFO - Loading input data from: /mount/arbeitsdaten66/projekte/multiview/hardy/project/vae/outputs/mind/dev_combined_history_indices.csv
2025-07-01 22:43:49,821 - INFO - Input data shape: (414142, 2)
2025-07-01 22:43:49,821 - INFO - Setting up data module
2025-07-01 22:43:57,891 - INFO - Data module setup complete. Number of batches: 103536
2025-07-01 22:43:57,892 - INFO - Setting prediction parameters: beam_size=5, n_tokens=5
2025-07-01 22:44:32,544 - INFO - Starting sequence inference
2025-07-01 22:44:32,544 - INFO - Arguments: checkpoint_path=/mount/arbeitsdaten66/projekte/multiview/hardy/project/vae/checkpoints/seqvqvae_all_sts-epoch=14-val_loss=2.1423.ckpt, codebook_size=775, beam_size=5, n_tokens=5, input_file=/mount/arbeitsdaten66/projekte/multiview/hardy/project/vae/outputs/mind/dev_combined_history_indices.csv, output_path=/mount/arbeitsdaten66/projekte/multiview/hardy/project/vae/outputs/mind/seq_prediction_beam_5.txt
2025-07-01 22:44:32,615 - INFO - Using device: cuda
2025-07-01 22:44:32,615 - INFO - Loading model from checkpoint: /mount/arbeitsdaten66/projekte/multiview/hardy/project/vae/checkpoints/seqvqvae_all_sts-epoch=14-val_loss=2.1423.ckpt
2025-07-01 22:44:34,861 - INFO - Model loaded successfully and moved to device
2025-07-01 22:44:34,862 - INFO - Loading input data from: /mount/arbeitsdaten66/projekte/multiview/hardy/project/vae/outputs/mind/dev_combined_history_indices.csv
2025-07-01 22:44:36,166 - INFO - Input data shape: (414142, 2)
2025-07-01 22:44:36,166 - INFO - Setting up data module
2025-07-01 22:44:44,392 - INFO - Data module setup complete. Number of batches: 103536
2025-07-01 22:44:44,392 - INFO - Setting prediction parameters: beam_size=5, n_tokens=5
2025-07-01 22:50:49,726 - INFO - Starting sequence inference
2025-07-01 22:53:43,672 - INFO - Starting sequence inference
2025-07-01 22:54:21,343 - INFO - Starting sequence inference
2025-07-01 22:54:21,343 - INFO - Arguments: checkpoint_path=/mount/arbeitsdaten66/projekte/multiview/hardy/project/vae/checkpoints/seqvqvae_all_sts-epoch=14-val_loss=2.1423.ckpt, codebook_size=775, beam_size=5, n_tokens=5, input_file=/mount/arbeitsdaten66/projekte/multiview/hardy/project/vae/outputs/mind/dev_combined_history_indices.csv, output_path=/mount/arbeitsdaten66/projekte/multiview/hardy/project/vae/outputs/mind/seq_prediction_beam_5.txt
2025-07-01 22:54:21,412 - INFO - Using device: cuda
2025-07-01 22:54:21,449 - INFO - Loading model from checkpoint: /mount/arbeitsdaten66/projekte/multiview/hardy/project/vae/checkpoints/seqvqvae_all_sts-epoch=14-val_loss=2.1423.ckpt
2025-07-01 22:54:23,648 - INFO - Model loaded successfully and moved to device
2025-07-01 22:54:23,648 - INFO - Loading input data from: /mount/arbeitsdaten66/projekte/multiview/hardy/project/vae/outputs/mind/dev_combined_history_indices.csv
2025-07-01 22:54:25,021 - INFO - Input data shape: (414142, 2)
2025-07-01 22:54:25,022 - INFO - Setting up data module
2025-07-01 22:54:33,087 - INFO - Data module setup complete. Number of batches: 103536
2025-07-01 22:54:33,087 - INFO - Setting prediction parameters: beam_size=5, n_tokens=5
2025-07-01 22:55:05,472 - INFO - Starting sequence inference
2025-07-01 22:55:05,472 - INFO - Arguments: checkpoint_path=/mount/arbeitsdaten66/projekte/multiview/hardy/project/vae/checkpoints/seqvqvae_all_sts-epoch=14-val_loss=2.1423.ckpt, codebook_size=775, beam_size=5, n_tokens=5, input_file=/mount/arbeitsdaten66/projekte/multiview/hardy/project/vae/outputs/mind/dev_combined_history_indices.csv, output_path=/mount/arbeitsdaten66/projekte/multiview/hardy/project/vae/outputs/mind/seq_prediction_beam_5.txt
2025-07-01 22:55:05,541 - INFO - Using device: cuda
2025-07-01 22:55:05,544 - INFO - Loading model from checkpoint: /mount/arbeitsdaten66/projekte/multiview/hardy/project/vae/checkpoints/seqvqvae_all_sts-epoch=14-val_loss=2.1423.ckpt
2025-07-01 22:55:07,719 - INFO - Model loaded successfully and moved to device
2025-07-01 22:55:07,719 - INFO - Loading input data from: /mount/arbeitsdaten66/projekte/multiview/hardy/project/vae/outputs/mind/dev_combined_history_indices.csv
2025-07-01 22:55:09,124 - INFO - Input data shape: (414142, 2)
2025-07-01 22:55:09,124 - INFO - Setting up data module
2025-07-01 22:55:17,187 - INFO - Data module setup complete. Number of batches: 103536
2025-07-01 22:55:17,187 - INFO - Setting prediction parameters: beam_size=5, n_tokens=5
2025-07-01 22:57:32,885 - INFO - Starting sequence inference
2025-07-01 22:57:32,886 - INFO - Arguments: checkpoint_path=/mount/arbeitsdaten66/projekte/multiview/hardy/project/vae/checkpoints/seqvqvae_all_sts-epoch=14-val_loss=2.1423.ckpt, codebook_size=775, beam_size=5, n_tokens=5, input_file=/mount/arbeitsdaten66/projekte/multiview/hardy/project/vae/outputs/mind/dev_combined_history_indices.csv, output_path=/mount/arbeitsdaten66/projekte/multiview/hardy/project/vae/outputs/mind/seq_prediction_beam_5.txt
2025-07-01 22:57:32,957 - INFO - Using device: cuda
2025-07-01 22:57:32,977 - INFO - Loading model from checkpoint: /mount/arbeitsdaten66/projekte/multiview/hardy/project/vae/checkpoints/seqvqvae_all_sts-epoch=14-val_loss=2.1423.ckpt
2025-07-01 22:57:35,165 - INFO - Model loaded successfully and moved to device
2025-07-01 22:57:35,165 - INFO - Loading input data from: /mount/arbeitsdaten66/projekte/multiview/hardy/project/vae/outputs/mind/dev_combined_history_indices.csv
2025-07-01 22:57:36,548 - INFO - Input data shape: (414142, 2)
2025-07-01 22:57:36,548 - INFO - Setting up data module
2025-07-01 22:57:44,756 - INFO - Data module setup complete. Number of batches: 17256
2025-07-01 22:57:44,757 - INFO - Setting prediction parameters: beam_size=5, n_tokens=5
2025-07-01 23:43:55,543 - INFO - Starting sequence inference
2025-07-01 23:43:55,543 - INFO - Arguments: checkpoint_path=/mount/arbeitsdaten66/projekte/multiview/hardy/project/vae/src/checkpoints/seqvqvae_all_sts-epoch=29-val_loss=1.8966.ckpt, codebook_size=775, beam_size=5, n_tokens=5, input_file=/mount/arbeitsdaten66/projekte/multiview/hardy/project/vae/outputs/mind/dev_combined_history_indices.csv, output_path=/mount/arbeitsdaten66/projekte/multiview/hardy/project/vae/outputs/mind/seq_prediction_beam_5.txt
2025-07-01 23:43:55,612 - INFO - Using device: cuda
2025-07-01 23:43:55,638 - INFO - Loading model from checkpoint: /mount/arbeitsdaten66/projekte/multiview/hardy/project/vae/src/checkpoints/seqvqvae_all_sts-epoch=29-val_loss=1.8966.ckpt
2025-07-01 23:43:57,160 - INFO - Model loaded successfully and moved to device
2025-07-01 23:43:57,161 - INFO - Loading input data from: /mount/arbeitsdaten66/projekte/multiview/hardy/project/vae/outputs/mind/dev_combined_history_indices.csv
2025-07-01 23:43:58,568 - INFO - Input data shape: (414142, 2)
2025-07-01 23:43:58,568 - INFO - Setting up data module
2025-07-01 23:44:06,690 - INFO - Data module setup complete. Number of batches: 17256
2025-07-01 23:44:06,690 - INFO - Setting prediction parameters: beam_size=5, n_tokens=5
2025-07-01 23:44:39,472 - INFO - Starting sequence inference
2025-07-01 23:44:39,472 - INFO - Arguments: checkpoint_path=/mount/arbeitsdaten66/projekte/multiview/hardy/project/vae/src/checkpoints/seqvqvae_all_sts-epoch=29-val_loss=1.8966.ckpt, codebook_size=775, beam_size=10, n_tokens=5, input_file=/mount/arbeitsdaten66/projekte/multiview/hardy/project/vae/outputs/mind/dev_combined_history_indices.csv, output_path=/mount/arbeitsdaten66/projekte/multiview/hardy/project/vae/outputs/mind/seq_prediction_beam_10.txt
2025-07-01 23:44:39,549 - INFO - Using device: cuda
2025-07-01 23:44:39,550 - INFO - Loading model from checkpoint: /mount/arbeitsdaten66/projekte/multiview/hardy/project/vae/src/checkpoints/seqvqvae_all_sts-epoch=29-val_loss=1.8966.ckpt
2025-07-01 23:44:41,041 - INFO - Model loaded successfully and moved to device
2025-07-01 23:44:41,041 - INFO - Loading input data from: /mount/arbeitsdaten66/projekte/multiview/hardy/project/vae/outputs/mind/dev_combined_history_indices.csv
2025-07-01 23:44:42,358 - INFO - Input data shape: (414142, 2)
2025-07-01 23:44:42,359 - INFO - Setting up data module
2025-07-01 23:44:50,647 - INFO - Data module setup complete. Number of batches: 25884
2025-07-01 23:44:50,647 - INFO - Setting prediction parameters: beam_size=10, n_tokens=5
2025-07-01 23:45:15,333 - INFO - Starting sequence inference
2025-07-01 23:45:15,333 - INFO - Arguments: checkpoint_path=/mount/arbeitsdaten66/projekte/multiview/hardy/project/vae/src/checkpoints/seqvqvae_all_sts-epoch=29-val_loss=1.8966.ckpt, codebook_size=775, beam_size=15, n_tokens=5, input_file=/mount/arbeitsdaten66/projekte/multiview/hardy/project/vae/outputs/mind/dev_combined_history_indices.csv, output_path=/mount/arbeitsdaten66/projekte/multiview/hardy/project/vae/outputs/mind/seq_prediction_beam_15.txt
2025-07-01 23:45:15,401 - INFO - Using device: cuda
2025-07-01 23:45:15,413 - INFO - Loading model from checkpoint: /mount/arbeitsdaten66/projekte/multiview/hardy/project/vae/src/checkpoints/seqvqvae_all_sts-epoch=29-val_loss=1.8966.ckpt
2025-07-01 23:45:17,110 - INFO - Model loaded successfully and moved to device
2025-07-01 23:45:17,110 - INFO - Loading input data from: /mount/arbeitsdaten66/projekte/multiview/hardy/project/vae/outputs/mind/dev_combined_history_indices.csv
2025-07-01 23:45:18,513 - INFO - Input data shape: (414142, 2)
2025-07-01 23:45:18,513 - INFO - Setting up data module
2025-07-01 23:45:26,800 - INFO - Data module setup complete. Number of batches: 51768
2025-07-01 23:45:26,801 - INFO - Setting prediction parameters: beam_size=15, n_tokens=5
2025-07-01 23:45:26,961 - INFO - Starting sequence inference
2025-07-01 23:45:26,961 - INFO - Arguments: checkpoint_path=/mount/arbeitsdaten66/projekte/multiview/hardy/project/vae/src/checkpoints/seqvqvae_all_sts-epoch=29-val_loss=1.8966.ckpt, codebook_size=775, beam_size=25, n_tokens=5, input_file=/mount/arbeitsdaten66/projekte/multiview/hardy/project/vae/outputs/mind/dev_combined_history_indices.csv, output_path=/mount/arbeitsdaten66/projekte/multiview/hardy/project/vae/outputs/mind/seq_prediction_beam_25.txt
2025-07-01 23:45:27,055 - INFO - Using device: cuda
2025-07-01 23:45:27,055 - INFO - Loading model from checkpoint: /mount/arbeitsdaten66/projekte/multiview/hardy/project/vae/src/checkpoints/seqvqvae_all_sts-epoch=29-val_loss=1.8966.ckpt
2025-07-01 23:45:28,618 - INFO - Model loaded successfully and moved to device
2025-07-01 23:45:28,618 - INFO - Loading input data from: /mount/arbeitsdaten66/projekte/multiview/hardy/project/vae/outputs/mind/dev_combined_history_indices.csv
2025-07-01 23:45:30,028 - INFO - Input data shape: (414142, 2)
2025-07-01 23:45:30,028 - INFO - Setting up data module
2025-07-01 23:45:38,054 - INFO - Data module setup complete. Number of batches: 103536
2025-07-01 23:45:38,054 - INFO - Setting prediction parameters: beam_size=25, n_tokens=5
2025-07-02 05:56:59,695 - INFO - Writing output to: /mount/arbeitsdaten66/projekte/multiview/hardy/project/vae/outputs/mind/seq_prediction_beam_5.txt
2025-07-02 05:57:00,354 - INFO - Output written successfully to /mount/arbeitsdaten66/projekte/multiview/hardy/project/vae/outputs/mind/seq_prediction_beam_5.txt
2025-07-02 05:57:00,354 - INFO - Sequence inference completed
2025-07-02 11:58:28,314 - INFO - Writing output to: /mount/arbeitsdaten66/projekte/multiview/hardy/project/vae/outputs/mind/seq_prediction_beam_10.txt
2025-07-02 11:58:28,699 - INFO - Output written successfully to /mount/arbeitsdaten66/projekte/multiview/hardy/project/vae/outputs/mind/seq_prediction_beam_10.txt
2025-07-02 11:58:28,700 - INFO - Sequence inference completed
2025-07-03 05:16:18,537 - INFO - Writing output to: /mount/arbeitsdaten66/projekte/multiview/hardy/project/vae/outputs/mind/seq_prediction_beam_25.txt
2025-07-03 05:16:19,864 - INFO - Output written successfully to /mount/arbeitsdaten66/projekte/multiview/hardy/project/vae/outputs/mind/seq_prediction_beam_25.txt
2025-07-03 05:16:19,864 - INFO - Sequence inference completed
